2022-12-17 14:16:47.725 [background-preinit] INFO  org.hibernate.validator.internal.util.Version - HV000001: Hibernate Validator 6.2.5.Final
2022-12-17 14:16:47.825 [restartedMain] INFO  com.vti.SpringDataApplication - Starting SpringDataApplication using Java 1.8.0_351 on Admin with PID 11328 (C:\Users\Admin\Desktop\FinalExam\target\classes started by Admin in C:\Users\Admin\Desktop\FinalExam)
2022-12-17 14:16:47.849 [restartedMain] INFO  com.vti.SpringDataApplication - No active profile set, falling back to 1 default profile: "default"
2022-12-17 14:16:48.152 [restartedMain] INFO  org.springframework.boot.devtools.env.DevToolsPropertyDefaultsPostProcessor - Devtools property defaults active! Set 'spring.devtools.add-properties' to 'false' to disable
2022-12-17 14:16:48.153 [restartedMain] INFO  org.springframework.boot.devtools.env.DevToolsPropertyDefaultsPostProcessor - For additional web related logging consider setting the 'logging.level.web' property to 'DEBUG'
2022-12-17 14:16:51.173 [restartedMain] INFO  org.springframework.data.repository.config.RepositoryConfigurationDelegate - Bootstrapping Spring Data JPA repositories in DEFAULT mode.
2022-12-17 14:16:51.328 [restartedMain] INFO  org.springframework.data.repository.config.RepositoryConfigurationDelegate - Finished Spring Data repository scanning in 130 ms. Found 2 JPA repository interfaces.
2022-12-17 14:16:53.635 [restartedMain] INFO  org.springframework.boot.web.embedded.tomcat.TomcatWebServer - Tomcat initialized with port(s): 8080 (http)
2022-12-17 14:16:53.661 [restartedMain] INFO  org.apache.coyote.http11.Http11NioProtocol - Initializing ProtocolHandler ["http-nio-8080"]
2022-12-17 14:16:53.662 [restartedMain] INFO  org.apache.catalina.core.StandardService - Starting service [Tomcat]
2022-12-17 14:16:53.665 [restartedMain] INFO  org.apache.catalina.core.StandardEngine - Starting Servlet engine: [Apache Tomcat/9.0.68]
2022-12-17 14:16:53.824 [restartedMain] INFO  org.apache.catalina.core.ContainerBase.[Tomcat].[localhost].[/] - Initializing Spring embedded WebApplicationContext
2022-12-17 14:16:53.827 [restartedMain] INFO  org.springframework.boot.web.servlet.context.ServletWebServerApplicationContext - Root WebApplicationContext: initialization completed in 5672 ms
2022-12-17 14:16:54.299 [restartedMain] INFO  org.hibernate.jpa.internal.util.LogHelper - HHH000204: Processing PersistenceUnitInfo [name: default]
2022-12-17 14:16:54.385 [restartedMain] INFO  org.hibernate.Version - HHH000412: Hibernate ORM core version 5.6.12.Final
2022-12-17 14:16:54.809 [restartedMain] INFO  org.hibernate.annotations.common.Version - HCANN000001: Hibernate Commons Annotations {5.1.2.Final}
2022-12-17 14:16:55.116 [restartedMain] INFO  com.zaxxer.hikari.HikariDataSource - HikariPool-1 - Starting...
2022-12-17 14:16:56.043 [restartedMain] INFO  com.zaxxer.hikari.HikariDataSource - HikariPool-1 - Start completed.
2022-12-17 14:16:56.137 [restartedMain] INFO  org.hibernate.dialect.Dialect - HHH000400: Using dialect: org.hibernate.dialect.MySQL8Dialect
2022-12-17 14:16:58.138 [restartedMain] INFO  org.hibernate.engine.transaction.jta.platform.internal.JtaPlatformInitiator - HHH000490: Using JtaPlatform implementation: [org.hibernate.engine.transaction.jta.platform.internal.NoJtaPlatform]
2022-12-17 14:16:58.164 [restartedMain] INFO  org.springframework.orm.jpa.LocalContainerEntityManagerFactoryBean - Initialized JPA EntityManagerFactory for persistence unit 'default'
2022-12-17 14:17:00.692 [restartedMain] WARN  org.springframework.boot.autoconfigure.orm.jpa.JpaBaseConfiguration$JpaWebConfiguration - spring.jpa.open-in-view is enabled by default. Therefore, database queries may be performed during view rendering. Explicitly configure spring.jpa.open-in-view to disable this warning
2022-12-17 14:17:01.734 [restartedMain] INFO  org.springframework.boot.autoconfigure.web.servlet.WelcomePageHandlerMapping - Adding welcome page: class path resource [static/index.html]
2022-12-17 14:17:01.974 [restartedMain] INFO  org.springframework.security.web.DefaultSecurityFilterChain - Will secure any request with [org.springframework.security.web.session.DisableEncodeUrlFilter@5ede0781, org.springframework.security.web.context.request.async.WebAsyncManagerIntegrationFilter@c5e6f70, org.springframework.security.web.context.SecurityContextPersistenceFilter@35f6582, org.springframework.security.web.header.HeaderWriterFilter@6d98ee78, org.springframework.web.filter.CorsFilter@2ff4d632, org.springframework.security.web.authentication.logout.LogoutFilter@12b5c5f, org.springframework.security.web.authentication.UsernamePasswordAuthenticationFilter@479c1a09, org.springframework.security.web.authentication.www.BasicAuthenticationFilter@51ae91b, org.springframework.security.web.savedrequest.RequestCacheAwareFilter@3866341c, org.springframework.security.web.servletapi.SecurityContextHolderAwareRequestFilter@4ed10026, org.springframework.security.web.authentication.rememberme.RememberMeAuthenticationFilter@5ba0781d, org.springframework.security.web.authentication.AnonymousAuthenticationFilter@794593ae, org.springframework.security.web.session.SessionManagementFilter@2fd0827e, org.springframework.security.web.access.ExceptionTranslationFilter@64f5f61, org.springframework.security.web.access.intercept.AuthorizationFilter@433d23c6]
2022-12-17 14:17:02.016 [restartedMain] WARN  org.springframework.security.config.annotation.web.builders.WebSecurity - You are asking Spring Security to ignore Ant [pattern='/']. This is not recommended -- please use permitAll via HttpSecurity#authorizeHttpRequests instead.
2022-12-17 14:17:02.017 [restartedMain] INFO  org.springframework.security.web.DefaultSecurityFilterChain - Will not secure Ant [pattern='/']
2022-12-17 14:17:02.018 [restartedMain] WARN  org.springframework.security.config.annotation.web.builders.WebSecurity - You are asking Spring Security to ignore Ant [pattern='/index.html']. This is not recommended -- please use permitAll via HttpSecurity#authorizeHttpRequests instead.
2022-12-17 14:17:02.019 [restartedMain] INFO  org.springframework.security.web.DefaultSecurityFilterChain - Will not secure Ant [pattern='/index.html']
2022-12-17 14:17:02.019 [restartedMain] WARN  org.springframework.security.config.annotation.web.builders.WebSecurity - You are asking Spring Security to ignore Ant [pattern='/common/**']. This is not recommended -- please use permitAll via HttpSecurity#authorizeHttpRequests instead.
2022-12-17 14:17:02.019 [restartedMain] INFO  org.springframework.security.web.DefaultSecurityFilterChain - Will not secure Ant [pattern='/common/**']
2022-12-17 14:17:02.019 [restartedMain] WARN  org.springframework.security.config.annotation.web.builders.WebSecurity - You are asking Spring Security to ignore Ant [pattern='/page/**']. This is not recommended -- please use permitAll via HttpSecurity#authorizeHttpRequests instead.
2022-12-17 14:17:02.022 [restartedMain] INFO  org.springframework.security.web.DefaultSecurityFilterChain - Will not secure Ant [pattern='/page/**']
2022-12-17 14:17:02.541 [restartedMain] INFO  org.springframework.boot.devtools.autoconfigure.OptionalLiveReloadServer - LiveReload server is running on port 35729
2022-12-17 14:17:03.237 [restartedMain] INFO  org.apache.coyote.http11.Http11NioProtocol - Starting ProtocolHandler ["http-nio-8080"]
2022-12-17 14:17:03.296 [restartedMain] INFO  org.springframework.boot.web.embedded.tomcat.TomcatWebServer - Tomcat started on port(s): 8080 (http) with context path ''
2022-12-17 14:17:04.455 [restartedMain] INFO  com.vti.SpringDataApplication - Started SpringDataApplication in 17.512 seconds (JVM running for 19.861)
2022-12-17 19:54:42.622 [HikariPool-1 housekeeper] WARN  com.zaxxer.hikari.pool.HikariPool - HikariPool-1 - Thread starvation or clock leap detected (housekeeper delta=2h44m13s810ms866µs200ns).
2022-12-17 20:19:23.473 [HikariPool-1 housekeeper] WARN  com.zaxxer.hikari.pool.HikariPool - HikariPool-1 - Thread starvation or clock leap detected (housekeeper delta=2m10s822ms82µs100ns).
